[debug] [2025-01-27T21:19:00.021Z] ----------------------------------------------------------------------
[debug] [2025-01-27T21:19:00.026Z] Command:       C:\Program Files\nodejs\node.exe C:\Users\marom\AppData\Roaming\npm\node_modules\firebase-tools\lib\bin\firebase.js init hosting
[debug] [2025-01-27T21:19:00.026Z] CLI Version:   13.29.2
[debug] [2025-01-27T21:19:00.026Z] Platform:      win32
[debug] [2025-01-27T21:19:00.027Z] Node Version:  v22.3.0
[debug] [2025-01-27T21:19:00.027Z] Time:          Mon Jan 27 2025 18:19:00 GMT-0300 (hora estándar de Argentina)
[debug] [2025-01-27T21:19:00.027Z] ----------------------------------------------------------------------
[debug] 
[debug] [2025-01-27T21:19:00.276Z] > command requires scopes: ["email","openid","https://www.googleapis.com/auth/cloudplatformprojects.readonly","https://www.googleapis.com/auth/firebase","https://www.googleapis.com/auth/cloud-platform"]
[debug] [2025-01-27T21:19:00.277Z] > authorizing via signed-in user (mroxanam20@gmail.com)
[info] 
     ######## #### ########  ######## ########     ###     ######  ########
     ##        ##  ##     ## ##       ##     ##  ##   ##  ##       ##
     ######    ##  ########  ######   ########  #########  ######  ######
     ##        ##  ##    ##  ##       ##     ## ##     ##       ## ##
     ##       #### ##     ## ######## ########  ##     ##  ######  ########

You're about to initialize a Firebase project in this directory:

  C:\Users\marom\source\FrontBio - web\appBio

Before we get started, keep in mind:

  * You are initializing within an existing Firebase project directory

